app/build/outputs/logs/manifest-merger-debug-report.txt
-- Merging decision tree log ---
manifest
ADDED from src\main\AndroidManifest.xml:2:1-60:12
	package
		ADDED from src\main\AndroidManifest.xml:3:5-43
		INJECTED from src\main\AndroidManifest.xml
		INJECTED from src\main\AndroidManifest.xml
	android:versionName
		ADDED from src\main\AndroidManifest.xml:5:5-30
		INJECTED from src\main\AndroidManifest.xml
		INJECTED from src\main\AndroidManifest.xml
	android:versionCode
		ADDED from src\main\AndroidManifest.xml:4:5-28
		INJECTED from src\main\AndroidManifest.xml
		INJECTED from src\main\AndroidManifest.xml
	xmlns:android
		ADDED from src\main\AndroidManifest.xml:2:11-69
uses-sdk
ADDED from src\main\AndroidManifest.xml:7:5-9:41
	android:targetSdkVersion
		ADDED from src\main\AndroidManifest.xml:9:9-38
		INJECTED from src\main\AndroidManifest.xml
		INJECTED from src\main\AndroidManifest.xml
	android:minSdkVersion
		ADDED from src\main\AndroidManifest.xml:8:9-35
		INJECTED from src\main\AndroidManifest.xml
		INJECTED from src\main\AndroidManifest.xml
uses-permission#com.honeywell.decode.permission.DECODE
ADDED from src\main\AndroidManifest.xml:11:5-78
	android:name
		ADDED from src\main\AndroidManifest.xml:11:22-75
application
ADDED from src\main\AndroidManifest.xml:13:5-58:19
	android:label
		ADDED from src\main\AndroidManifest.xml:16:9-41
	android:allowBackup
		ADDED from src\main\AndroidManifest.xml:14:9-35
	android:icon
		ADDED from src\main\AndroidManifest.xml:15:9-54
	android:theme
		ADDED from src\main\AndroidManifest.xml:17:9-40
activity#com.honeywell.barcodeexample.MainActivity
ADDED from src\main\AndroidManifest.xml:18:9-27:20
	android:screenOrientation
		ADDED from src\main\AndroidManifest.xml:21:13-49
	android:label
		ADDED from src\main\AndroidManifest.xml:20:13-45
	android:name
		ADDED from src\main\AndroidManifest.xml:19:13-69
intent-filter#android.intent.action.MAIN+android.intent.category.LAUNCHER
ADDED from src\main\AndroidManifest.xml:22:13-26:29
action#android.intent.action.MAIN
ADDED from src\main\AndroidManifest.xml:23:17-69
	android:name
		ADDED from src\main\AndroidManifest.xml:23:25-66
category#android.intent.category.LAUNCHER
ADDED from src\main\AndroidManifest.xml:25:17-77
	android:name
		ADDED from src\main\AndroidManifest.xml:25:27-74
activity#com.honeywell.barcodeexample.AutomaticBarcodeActivity
ADDED from src\main\AndroidManifest.xml:28:9-37:20
	android:screenOrientation
		ADDED from src\main\AndroidManifest.xml:31:13-49
	android:label
		ADDED from src\main\AndroidManifest.xml:30:13-44
	android:name
		ADDED from src\main\AndroidManifest.xml:29:13-81
intent-filter#android.intent.action.AUTOMATICBARCODEACTIVITY+android.intent.category.DEFAULT
ADDED from src\main\AndroidManifest.xml:32:13-36:29
action#android.intent.action.AUTOMATICBARCODEACTIVITY
ADDED from src\main\AndroidManifest.xml:33:17-89
	android:name
		ADDED from src\main\AndroidManifest.xml:33:25-86
category#android.intent.category.DEFAULT
ADDED from src\main\AndroidManifest.xml:35:17-76
	android:name
		ADDED from src\main\AndroidManifest.xml:35:27-73
activity#com.honeywell.barcodeexample.ClientBarcodeActivity
ADDED from src\main\AndroidManifest.xml:38:9-47:20
	android:screenOrientation
		ADDED from src\main\AndroidManifest.xml:41:13-49
	android:label
		ADDED from src\main\AndroidManifest.xml:40:13-44
	android:name
		ADDED from src\main\AndroidManifest.xml:39:13-78
intent-filter#android.intent.action.CLIENTBARCODEACTIVITY+android.intent.category.DEFAULT
ADDED from src\main\AndroidManifest.xml:42:13-46:29
action#android.intent.action.CLIENTBARCODEACTIVITY
ADDED from src\main\AndroidManifest.xml:43:17-86
	android:name
		ADDED from src\main\AndroidManifest.xml:43:25-83
activity#com.honeywell.barcodeexample.ScannerSelectionBarcodeActivity
ADDED from src\main\AndroidManifest.xml:48:9-57:20
	android:screenOrientation
		ADDED from src\main\AndroidManifest.xml:51:13-49
	android:label
		ADDED from src\main\AndroidManifest.xml:50:13-44
	android:name
		ADDED from src\main\AndroidManifest.xml:49:13-88
intent-filter#android.intent.action.SCANNERSELECTBARCODEACTIVITY+android.intent.category.DEFAULT
ADDED from src\main\AndroidManifest.xml:52:13-56:29
action#android.intent.action.SCANNERSELECTBARCODEACTIVITY
ADDED from src\main\AndroidManifest.xml:53:17-93
	android:name
		ADDED from src\main\AndroidManifest.xml:53:25-90